2026-07-05 01:53:40 [DEBUG] rental_system: RentalSystem initialised.
2026-07-05 01:53:40 [DEBUG] vehicles.base: Vehicle created: [C001] 2022 Toyota Camry — Available
2026-07-05 01:53:40 [INFO] rental_system: Vehicle added to fleet: [C001] 2022 Toyota Camry — Available
2026-07-05 01:53:40 [DEBUG] vehicles.base: Vehicle created: [T001] 2020 Ford F-150 — Available
2026-07-05 01:53:40 [INFO] rental_system: Vehicle added to fleet: [T001] 2020 Ford F-150 — Available
2026-07-05 01:53:40 [DEBUG] vehicles.base: Vehicle created: [B001] 2022 Yamaha MT-07 — Available
2026-07-05 01:53:40 [INFO] rental_system: Vehicle added to fleet: [B001] 2022 Yamaha MT-07 — Available
2026-07-05 01:53:40 [DEBUG] rental_system: Fleet availability displayed (3 vehicles).
2026-07-05 01:53:40 [INFO] vehicles.base: Vehicle rented: C001
2026-07-05 01:53:40 [INFO] rental_system: Rental created: R0001 | vehicle=C001 | days=3 | cost=$135.00
2026-07-05 01:53:40 [INFO] vehicles.base: Vehicle rented: T001
2026-07-05 01:53:40 [INFO] rental_system: Rental created: R0002 | vehicle=T001 | days=5 | cost=$425.00
2026-07-05 01:53:40 [INFO] vehicles.base: Vehicle returned: C001
2026-07-05 01:53:40 [INFO] rental_system: Rental closed: R0001 | vehicle=C001 | days=3
2026-07-05 01:53:40 [DEBUG] vehicles.base: Vehicle created: [C001] 2021 Honda Civic — Available
2026-07-05 01:53:40 [WARNING] rental_system: Duplicate vehicle ID rejected: C001
2026-07-05 01:53:40 [WARNING] rental_system: Return attempted for unknown rental ID: R9999
2026-07-05 01:56:07 [DEBUG] rental_system: RentalSystem initialised.
2026-07-05 01:56:07 [INFO] __main__: Vehicle Rental System started.
2026-07-05 01:57:50 [DEBUG] vehicles.base: Vehicle created: [yyy] 2022 777 hhh — Available
2026-07-05 01:57:50 [INFO] rental_system: Vehicle added to fleet: [yyy] 2022 777 hhh — Available
2026-07-05 01:58:19 [INFO] vehicles.base: Vehicle rented: yyy
2026-07-05 01:58:19 [INFO] rental_system: Rental created: R0001 | vehicle=yyy | days=40 | cost=$208000.00
2026-07-05 01:58:37 [DEBUG] rental_system: Fleet availability displayed (1 vehicles).
2026-07-05 15:45:06 [DEBUG] rental_system: RentalSystem initialised.
2026-07-05 15:45:06 [INFO] __main__: Vehicle Rental System started.
2026-07-05 15:45:20 [WARNING] __main__: Invalid menu option entered: 7
2026-07-05 15:45:28 [WARNING] __main__: Invalid menu option entered: 0
2026-07-05 15:45:30 [WARNING] __main__: Invalid menu option entered: 0
2026-07-05 15:46:21 [DEBUG] vehicles.base: Vehicle created: [A11] 2014 1010 Yundayi — Available
2026-07-05 15:46:21 [INFO] rental_system: Vehicle added to fleet: [A11] 2014 1010 Yundayi — Available
2026-07-05 15:46:27 [DEBUG] rental_system: Fleet availability displayed (1 vehicles).
2026-07-05 15:48:40 [DEBUG] rental_system: RentalSystem initialised.
2026-07-05 15:48:40 [INFO] rental_system: Vehicle added to fleet: [C001] 2022 Toyota Camry (Car) — Available | $40.00/day
2026-07-05 15:48:40 [INFO] rental_system: Vehicle added to fleet: [T001] 2020 Ford F150 (Truck) — Available | $70.00/day
2026-07-05 15:48:40 [INFO] rental_system: Vehicle added to fleet: [B001] 2022 Yamaha Mt07 (Bike) — Available | $25.00/day
2026-07-05 15:50:07 [DEBUG] rental_system: RentalSystem initialised.
2026-07-05 15:50:07 [DEBUG] vehicles.base: Vehicle created: [C001] 2022 Toyota Camry (Car) — Available | $40.00/day
2026-07-05 15:50:07 [INFO] rental_system: Vehicle added to fleet: [C001] 2022 Toyota Camry (Car) — Available | $40.00/day
2026-07-05 15:50:07 [DEBUG] vehicles.base: Vehicle created: [T001] 2020 Ford F150 (Truck) — Available | $70.00/day
2026-07-05 15:50:07 [INFO] rental_system: Vehicle added to fleet: [T001] 2020 Ford F150 (Truck) — Available | $70.00/day
2026-07-05 15:50:07 [DEBUG] vehicles.base: Vehicle created: [B001] 2022 Yamaha Mt07 (Bike) — Available | $25.00/day
2026-07-05 15:50:07 [INFO] rental_system: Vehicle added to fleet: [B001] 2022 Yamaha Mt07 (Bike) — Available | $25.00/day
2026-07-05 15:50:07 [DEBUG] rental_system: Fleet availability displayed (3 vehicles).
2026-07-05 15:50:07 [INFO] vehicles.base: Vehicle rented: C001
2026-07-05 15:50:07 [INFO] rental_system: Rental created: R0001 | vehicle=C001 | days=3 | cost=$135.00
2026-07-05 15:50:07 [INFO] vehicles.base: Vehicle rented: T001
2026-07-05 15:50:07 [INFO] rental_system: Rental created: R0002 | vehicle=T001 | days=5 | cost=$425.00
2026-07-05 15:50:07 [INFO] vehicles.base: Vehicle returned: C001
2026-07-05 15:50:07 [INFO] rental_system: Rental closed: R0001 | vehicle=C001 | days=3
2026-07-05 15:50:07 [DEBUG] vehicles.base: Vehicle created: [C001] 2021 Honda Civic (Car) — Available | $35.00/day
2026-07-05 15:50:07 [WARNING] rental_system: Duplicate vehicle ID rejected: C001
2026-07-05 15:50:07 [WARNING] rental_system: Return attempted for unknown rental ID: R9999
2026-07-05 15:50:07 [INFO] vehicles.base: Base rate updated for B001: $25.00 -> $30.00
2026-07-05 15:50:07 [INFO] vehicles.base: Vehicle returned: T001
2026-07-05 15:50:07 [INFO] rental_system: Rental closed: R0002 | vehicle=T001 | days=5
